<?xml version="1.0" encoding="UTF-8"?>
<!-- Generated by org.testng.reporters.JUnitXMLReporter -->
<testsuite ignored="0" hostname="LAPTOP-UV01ND17" failures="1" tests="2" name="LoginTest" time="19.039" errors="0" timestamp="2025-07-01T14:10:24 IST">
  <testcase classname="tests.LoginTest" name="testLogin" time="5.618">
    <failure type="junit.framework.ComparisonFailure" message="expected:&amp;lt;...dashboard/index&amp;gt; but was:&amp;lt;...claim&amp;gt;">
      <![CDATA[junit.framework.ComparisonFailure: expected:<...dashboard/index> but was:<...claim>
at junit.framework.Assert.assertEquals(Assert.java:81)
at junit.framework.Assert.assertEquals(Assert.java:87)
at tests.LoginTest.testLogin(LoginTest.java:24)
at java.base/java.util.ArrayList.forEach(ArrayList.java:1596)
... Removed 25 stack frames]]>
    </failure>
  </testcase> <!-- testLogin -->
  <testcase classname="tests.ClaimTest" name="assignClaimTest" time="4.182"/>
</testsuite> <!-- LoginTest -->
