<?xml version="1.0" encoding="UTF-8"?>
<testng-results ignored="0" total="1" passed="1" failed="0" skipped="0">
  <reporter-output>
  </reporter-output>
  <suite started-at="2025-07-01T14:17:26 IST" name="Default suite" finished-at="2025-07-01T14:17:34 IST" duration-ms="8066">
    <groups>
    </groups>
    <test started-at="2025-07-01T14:17:26 IST" name="Default test" finished-at="2025-07-01T14:17:34 IST" duration-ms="8066">
      <class name="tests.LoginTest">
        <test-method is-config="true" signature="setup()[pri:0, instance:tests.LoginTest@327514f]" started-at="2025-07-01T14:17:27 IST" name="setup" finished-at="2025-07-01T14:17:32 IST" duration-ms="5098" status="PASS">
          <reporter-output>
          </reporter-output>
        </test-method> <!-- setup -->
        <test-method signature="testLogin(java.lang.String,java.lang.String)[pri:0, instance:tests.LoginTest@327514f]" started-at="2025-07-01T14:17:32 IST" name="testLogin" data-provider="loginData" finished-at="2025-07-01T14:17:34 IST" duration-ms="2132" status="PASS">
          <params>
            <param index="0">
              <value>
                <![CDATA[Admin]]>
              </value>
            </param>
            <param index="1">
              <value>
                <![CDATA[admin123]]>
              </value>
            </param>
          </params>
          <reporter-output>
          </reporter-output>
        </test-method> <!-- testLogin -->
        <test-method is-config="true" signature="teardown()[pri:0, instance:tests.LoginTest@327514f]" started-at="2025-07-01T14:17:34 IST" name="teardown" finished-at="2025-07-01T14:17:34 IST" duration-ms="230" status="PASS">
          <reporter-output>
          </reporter-output>
        </test-method> <!-- teardown -->
      </class> <!-- tests.LoginTest -->
    </test> <!-- Default test -->
  </suite> <!-- Default suite -->
</testng-results>
