<?xml version="1.0" encoding="UTF-8"?>
<testng-results ignored="0" total="2" passed="2" failed="0" skipped="0">
  <reporter-output>
  </reporter-output>
  <suite started-at="2025-07-01T11:46:39 IST" name="DemoSuite" finished-at="2025-07-01T11:47:05 IST" duration-ms="25750">
    <groups>
    </groups>
    <test started-at="2025-07-01T11:46:39 IST" name="LoginTest" finished-at="2025-07-01T11:47:05 IST" duration-ms="25750">
      <class name="tests.LoginTest">
        <test-method is-config="true" signature="setup()[pri:0, instance:tests.LoginTest@327514f]" started-at="2025-07-01T11:46:40 IST" name="setup" finished-at="2025-07-01T11:46:48 IST" duration-ms="8222" status="PASS">
          <reporter-output>
          </reporter-output>
        </test-method> <!-- setup -->
        <test-method signature="testLogin(java.lang.String,java.lang.String)[pri:0, instance:tests.LoginTest@327514f]" started-at="2025-07-01T11:46:48 IST" name="testLogin" data-provider="loginData" finished-at="2025-07-01T11:46:51 IST" duration-ms="2421" status="PASS">
          <params>
            <param index="0">
              <value>
                <![CDATA[Admin]]>
              </value>
            </param>
            <param index="1">
              <value>
                <![CDATA[admin123]]>
              </value>
            </param>
          </params>
          <reporter-output>
          </reporter-output>
        </test-method> <!-- testLogin -->
        <test-method is-config="true" signature="teardown()[pri:0, instance:tests.LoginTest@327514f]" started-at="2025-07-01T11:46:51 IST" name="teardown" finished-at="2025-07-01T11:46:51 IST" duration-ms="557" status="PASS">
          <reporter-output>
          </reporter-output>
        </test-method> <!-- teardown -->
      </class> <!-- tests.LoginTest -->
      <class name="tests.ClaimTest">
        <test-method is-config="true" signature="setup()[pri:0, instance:tests.ClaimTest@7a8c8dcf]" started-at="2025-07-01T11:46:51 IST" name="setup" finished-at="2025-07-01T11:47:00 IST" duration-ms="8455" status="PASS">
          <reporter-output>
          </reporter-output>
        </test-method> <!-- setup -->
        <test-method signature="assignClaimTest(java.lang.String,java.lang.String)[pri:0, instance:tests.ClaimTest@7a8c8dcf]" started-at="2025-07-01T11:47:00 IST" name="assignClaimTest" data-provider="loginData" finished-at="2025-07-01T11:47:05 IST" duration-ms="5060" status="PASS">
          <params>
            <param index="0">
              <value>
                <![CDATA[Admin]]>
              </value>
            </param>
            <param index="1">
              <value>
                <![CDATA[admin123]]>
              </value>
            </param>
          </params>
          <reporter-output>
          </reporter-output>
        </test-method> <!-- assignClaimTest -->
        <test-method is-config="true" signature="teardown()[pri:0, instance:tests.ClaimTest@7a8c8dcf]" started-at="2025-07-01T11:47:05 IST" name="teardown" finished-at="2025-07-01T11:47:05 IST" duration-ms="197" status="PASS">
          <reporter-output>
          </reporter-output>
        </test-method> <!-- teardown -->
      </class> <!-- tests.ClaimTest -->
    </test> <!-- LoginTest -->
  </suite> <!-- DemoSuite -->
</testng-results>
